Determining if the pthread_create exist failed with the following output:
Change Dir: /home/EPRobot/robot_ws/build/CMakeFiles/CMakeTmp

Run Build Command:"/usr/bin/make" "cmTC_50a24/fast"
/usr/bin/make -f CMakeFiles/cmTC_50a24.dir/build.make CMakeFiles/cmTC_50a24.dir/build
make[1]: Entering directory '/home/EPRobot/robot_ws/build/CMakeFiles/CMakeTmp'
Building C object CMakeFiles/cmTC_50a24.dir/CheckSymbolExists.c.o
/usr/bin/cc    -o CMakeFiles/cmTC_50a24.dir/CheckSymbolExists.c.o   -c /home/EPRobot/robot_ws/build/CMakeFiles/CMakeTmp/CheckSymbolExists.c
Linking C executable cmTC_50a24
/usr/bin/cmake -E cmake_link_script CMakeFiles/cmTC_50a24.dir/link.txt --verbose=1
/usr/bin/cc      -rdynamic CMakeFiles/cmTC_50a24.dir/CheckSymbolExists.c.o  -o cmTC_50a24 
CMakeFiles/cmTC_50a24.dir/CheckSymbolExists.c.o: In function `main':
CheckSymbolExists.c:(.text+0x14): undefined reference to `pthread_create'
CheckSymbolExists.c:(.text+0x18): undefined reference to `pthread_create'
collect2: error: ld returned 1 exit status
CMakeFiles/cmTC_50a24.dir/build.make:97: recipe for target 'cmTC_50a24' failed
make[1]: *** [cmTC_50a24] Error 1
make[1]: Leaving directory '/home/EPRobot/robot_ws/build/CMakeFiles/CMakeTmp'
Makefile:126: recipe for target 'cmTC_50a24/fast' failed
make: *** [cmTC_50a24/fast] Error 2

File /home/EPRobot/robot_ws/build/CMakeFiles/CMakeTmp/CheckSymbolExists.c:
/* */
#include <pthread.h>

int main(int argc, char** argv)
{
  (void)argv;
#ifndef pthread_create
  return ((int*)(&pthread_create))[argc];
#else
  (void)argc;
  return 0;
#endif
}

Determining if the function pthread_create exists in the pthreads failed with the following output:
Change Dir: /home/EPRobot/robot_ws/build/CMakeFiles/CMakeTmp

Run Build Command:"/usr/bin/make" "cmTC_00aec/fast"
/usr/bin/make -f CMakeFiles/cmTC_00aec.dir/build.make CMakeFiles/cmTC_00aec.dir/build
make[1]: Entering directory '/home/EPRobot/robot_ws/build/CMakeFiles/CMakeTmp'
Building C object CMakeFiles/cmTC_00aec.dir/CheckFunctionExists.c.o
/usr/bin/cc   -DCHECK_FUNCTION_EXISTS=pthread_create   -o CMakeFiles/cmTC_00aec.dir/CheckFunctionExists.c.o   -c /usr/share/cmake-3.10/Modules/CheckFunctionExists.c
Linking C executable cmTC_00aec
/usr/bin/cmake -E cmake_link_script CMakeFiles/cmTC_00aec.dir/link.txt --verbose=1
/usr/bin/cc  -DCHECK_FUNCTION_EXISTS=pthread_create    -rdynamic CMakeFiles/cmTC_00aec.dir/CheckFunctionExists.c.o  -o cmTC_00aec -lpthreads 
/usr/bin/ld: cannot find -lpthreads
collect2: error: ld returned 1 exit status
CMakeFiles/cmTC_00aec.dir/build.make:97: recipe for target 'cmTC_00aec' failed
make[1]: *** [cmTC_00aec] Error 1
make[1]: Leaving directory '/home/EPRobot/robot_ws/build/CMakeFiles/CMakeTmp'
Makefile:126: recipe for target 'cmTC_00aec/fast' failed
make: *** [cmTC_00aec/fast] Error 2


Determining if the include file FL/Fl.H exists failed with the following output:
Change Dir: /home/EPRobot/robot_ws/build/CMakeFiles/CMakeTmp

Run Build Command:"/usr/bin/make" "cmTC_65723/fast"
/usr/bin/make -f CMakeFiles/cmTC_65723.dir/build.make CMakeFiles/cmTC_65723.dir/build
make[1]: Entering directory '/home/EPRobot/robot_ws/build/CMakeFiles/CMakeTmp'
Building CXX object CMakeFiles/cmTC_65723.dir/CheckIncludeFile.cxx.o
/usr/bin/c++     -o CMakeFiles/cmTC_65723.dir/CheckIncludeFile.cxx.o -c /home/EPRobot/robot_ws/build/CMakeFiles/CMakeTmp/CheckIncludeFile.cxx
/home/EPRobot/robot_ws/build/CMakeFiles/CMakeTmp/CheckIncludeFile.cxx:1:10: fatal error: FL/Fl.H: No such file or directory
 #include <FL/Fl.H>
          ^~~~~~~~~
compilation terminated.
CMakeFiles/cmTC_65723.dir/build.make:65: recipe for target 'CMakeFiles/cmTC_65723.dir/CheckIncludeFile.cxx.o' failed
make[1]: *** [CMakeFiles/cmTC_65723.dir/CheckIncludeFile.cxx.o] Error 1
make[1]: Leaving directory '/home/EPRobot/robot_ws/build/CMakeFiles/CMakeTmp'
Makefile:126: recipe for target 'cmTC_65723/fast' failed
make: *** [cmTC_65723/fast] Error 2


